<?xml version="1.0" encoding="UTF-8"?>
<!-- Generated by org.testng.reporters.JUnitReportReporter -->
<testsuite skipped="0" hostname="Raghu" name="APITesting.com.org.api.PostRequest" tests="1" failures="0" timestamp="24 Oct 2017 14:54:31 GMT" time="2.525" errors="0">
  <testcase name="Test_03" time="2.525" classname="APITesting.com.org.api.PostRequest"/>
</testsuite> <!-- APITesting.com.org.api.PostRequest -->
