<?xml version="1.0" encoding="UTF-8"?>
<!-- Generated by org.testng.reporters.JUnitReportReporter -->
<testsuite skipped="0" hostname="Raghu" name="APITesting.com.org.api.PostRequest" tests="1" failures="0" timestamp="15 Oct 2017 18:41:42 GMT" time="2.153" errors="0">
  <testcase name="Test_05" time="2.153" classname="APITesting.com.org.api.PostRequest"/>
</testsuite> <!-- APITesting.com.org.api.PostRequest -->
