<?xml version="1.0" encoding="UTF-8"?>
<!-- Generated by org.testng.reporters.JUnitReportReporter -->
<testsuite skipped="0" hostname="Raghu" name="APITesting.com.org.api.countyrcodes" tests="1" failures="0" timestamp="02 Jul 2017 13:42:55 GMT" time="1.969" errors="0">
  <testcase name="Test_03" time="1.969" classname="APITesting.com.org.api.countyrcodes"/>
</testsuite> <!-- APITesting.com.org.api.countyrcodes -->
